<?xml version="1.0" encoding="UTF-8"?>
<!-- Generated by org.testng.reporters.JUnitReportReporter -->
<testsuite hostname="LP2-AP-51899378" failures="0" tests="2" name="programs.Test1" time="1.603" errors="0" timestamp="21 Oct 2024 06:27:13 GMT" skipped="0">
  <testcase classname="programs.Test1" name="register" time="0.931"/>
  <testcase classname="programs.Test1" name="support" time="0.672"/>
</testsuite> <!-- programs.Test1 -->
