<?xml version="1.0" encoding="UTF-8"?>
<!-- Generated by org.testng.reporters.JUnitReportReporter -->
<testsuite hostname="LP2-AP-51899378" failures="0" tests="2" name="programs.Test1" time="3.290" errors="0" timestamp="28 Nov 2024 06:43:28 GMT" skipped="0">
  <testcase classname="programs.Test1" name="register" time="1.636"/>
  <testcase classname="programs.Test1" name="support" time="1.654"/>
</testsuite> <!-- programs.Test1 -->
